Web conversion/ilab-web/Web conversion/ilab-web/android/app/build/intermediates/manifest_merge_blame_file/debug/manifest-merger-blame-debug-report.txt
1<?xml version="1.0" encoding="utf-8"?>
2<manifest xmlns:android="http://schemas.android.com/apk/res/android"
3    package="il.co.ilabapp"
4    android:versionCode="1"
5    android:versionName="1.0" >
6
7    <uses-sdk
8        android:minSdkVersion="16"
9        android:targetSdkVersion="28" />
10
11    <uses-permission android:name="android.permission.SYSTEM_ALERT_WINDOW" />
11-->src/debug/AndroidManifest.xml:5:5-77
11-->src/debug/AndroidManifest.xml:5:22-75
12    <uses-permission android:name="android.permission.INTERNET" />
12-->src/main/AndroidManifest.xml:4:5-67
12-->src/main/AndroidManifest.xml:4:22-64
13    <uses-permission android:name="android.permission.ACCESS_WIFI_STATE" />
13-->[com.facebook.flipper:flipper:0.33.1] AndroidManifest.xml:16:5-76
13-->[com.facebook.flipper:flipper:0.33.1] AndroidManifest.xml:16:22-73
14    <uses-permission android:name="android.permission.WAKE_LOCK" />
14-->[:react-native-firebase_messaging] AndroidManifest.xml:12:5-68
14-->[:react-native-firebase_messaging] AndroidManifest.xml:12:22-65
15    <uses-permission android:name="android.permission.ACCESS_NETWORK_STATE" />
15-->[:react-native-firebase_messaging] AndroidManifest.xml:13:5-79
15-->[:react-native-firebase_messaging] AndroidManifest.xml:13:22-76
16    <uses-permission android:name="android.permission.CAMERA" />
16-->[:react-native-camera] AndroidManifest.xml:9:5-65
16-->[:react-native-camera] AndroidManifest.xml:9:22-62
17
18    <uses-feature
18-->[:react-native-camera] AndroidManifest.xml:11:5-13:36
19        android:name="android.hardware.camera"
19-->[:react-native-camera] AndroidManifest.xml:12:9-47
20        android:required="false" />
20-->[:react-native-camera] AndroidManifest.xml:13:9-33
21    <uses-feature
21-->[:react-native-camera] AndroidManifest.xml:14:5-16:36
22        android:name="android.hardware.camera.autofocus"
22-->[:react-native-camera] AndroidManifest.xml:15:9-57
23        android:required="false" />
23-->[:react-native-camera] AndroidManifest.xml:16:9-33
24
25    <uses-permission android:name="android.permission.WRITE_EXTERNAL_STORAGE" /> <!-- Required to access Google Play Licensing -->
25-->[:react-native-share] AndroidManifest.xml:9:5-81
25-->[:react-native-share] AndroidManifest.xml:9:22-78
26    <uses-permission android:name="com.android.vending.CHECK_LICENSE" /> <!-- Required by older versions of Google Play services to create IID tokens -->
26-->[:rn-fetch-blob] AndroidManifest.xml:12:5-73
26-->[:rn-fetch-blob] AndroidManifest.xml:12:22-70
27    <uses-permission android:name="com.google.android.c2dm.permission.RECEIVE" />
27-->[com.google.firebase:firebase-iid:20.1.7] AndroidManifest.xml:26:5-82
27-->[com.google.firebase:firebase-iid:20.1.7] AndroidManifest.xml:26:22-79
28    <uses-permission android:name="com.google.android.finsky.permission.BIND_GET_INSTALL_REFERRER_SERVICE" />
28-->[com.google.android.gms:play-services-measurement:17.4.1] AndroidManifest.xml:26:5-110
28-->[com.google.android.gms:play-services-measurement:17.4.1] AndroidManifest.xml:26:22-107
29
30    <application
30-->src/main/AndroidManifest.xml:6:5-25:19
31        android:name="com.imobile.MainApplication"
31-->src/main/AndroidManifest.xml:7:7-38
32        android:allowBackup="false"
32-->src/main/AndroidManifest.xml:11:7-34
33        android:appComponentFactory="androidx.core.app.CoreComponentFactory"
33-->[androidx.core:core:1.1.0] AndroidManifest.xml:24:18-86
34        android:debuggable="true"
35        android:icon="@mipmap/ic_launcher"
35-->src/main/AndroidManifest.xml:9:7-41
36        android:label="@string/app_name"
36-->src/main/AndroidManifest.xml:8:7-39
37        android:roundIcon="@mipmap/ic_launcher_round"
37-->src/main/AndroidManifest.xml:10:7-52
38        android:theme="@style/AppTheme"
38-->src/main/AndroidManifest.xml:12:7-38
39        android:usesCleartextTraffic="true" >
39-->src/debug/AndroidManifest.xml:7:18-53
40        <activity
40-->src/main/AndroidManifest.xml:13:7-23:18
41            android:name="com.imobile.MainActivity"
41-->src/main/AndroidManifest.xml:14:9-37
42            android:configChanges="keyboard|keyboardHidden|orientation|screenSize|uiMode"
42-->src/main/AndroidManifest.xml:16:9-86
43            android:label="@string/app_name"
43-->src/main/AndroidManifest.xml:15:9-41
44            android:launchMode="singleTask"
44-->src/main/AndroidManifest.xml:17:9-40
45            android:windowSoftInputMode="adjustResize" >
45-->src/main/AndroidManifest.xml:18:9-51
46            <intent-filter>
46-->src/main/AndroidManifest.xml:19:9-22:25
47                <action android:name="android.intent.action.MAIN" />
47-->src/main/AndroidManifest.xml:20:13-65
47-->src/main/AndroidManifest.xml:20:21-62
48
49                <category android:name="android.intent.category.LAUNCHER" />
49-->src/main/AndroidManifest.xml:21:13-73
49-->src/main/AndroidManifest.xml:21:23-70
50            </intent-filter>
51        </activity>
52        <activity android:name="com.facebook.react.devsupport.DevSettingsActivity" />
52-->src/main/AndroidManifest.xml:24:7-84
52-->src/main/AndroidManifest.xml:24:17-81
53
54        <service android:name="io.invertase.firebase.messaging.ReactNativeFirebaseMessagingHeadlessService" />
54-->[:react-native-firebase_messaging] AndroidManifest.xml:16:9-111
54-->[:react-native-firebase_messaging] AndroidManifest.xml:16:18-108
55        <service
55-->[:react-native-firebase_messaging] AndroidManifest.xml:17:9-23:19
56            android:name="io.invertase.firebase.messaging.ReactNativeFirebaseMessagingService"
56-->[:react-native-firebase_messaging] AndroidManifest.xml:18:13-95
57            android:exported="false" >
57-->[:react-native-firebase_messaging] AndroidManifest.xml:19:13-37
58            <intent-filter>
58-->[:react-native-firebase_messaging] AndroidManifest.xml:20:13-22:29
59                <action android:name="com.google.firebase.MESSAGING_EVENT" />
59-->[:react-native-firebase_messaging] AndroidManifest.xml:21:17-78
59-->[:react-native-firebase_messaging] AndroidManifest.xml:21:25-75
60            </intent-filter>
61        </service>
62
63        <receiver
63-->[:react-native-firebase_messaging] AndroidManifest.xml:25:9-32:20
64            android:name="io.invertase.firebase.messaging.ReactNativeFirebaseMessagingReceiver"
64-->[:react-native-firebase_messaging] AndroidManifest.xml:26:13-96
65            android:exported="true"
65-->[:react-native-firebase_messaging] AndroidManifest.xml:27:13-36
66            android:permission="com.google.android.c2dm.permission.SEND" >
66-->[:react-native-firebase_messaging] AndroidManifest.xml:28:13-73
67            <intent-filter>
67-->[:react-native-firebase_messaging] AndroidManifest.xml:29:13-31:29
68                <action android:name="com.google.android.c2dm.intent.RECEIVE" />
68-->[:react-native-firebase_messaging] AndroidManifest.xml:30:17-81
68-->[:react-native-firebase_messaging] AndroidManifest.xml:30:25-78
69            </intent-filter>
70        </receiver>
71
72        <meta-data
72-->[:react-native-firebase_messaging] AndroidManifest.xml:34:9-36:36
73            android:name="firebase_messaging_auto_init_enabled"
73-->[:react-native-firebase_messaging] AndroidManifest.xml:35:13-64
74            android:value="true" />
74-->[:react-native-firebase_messaging] AndroidManifest.xml:36:13-33
75        <meta-data
75-->[:react-native-firebase_messaging] AndroidManifest.xml:37:9-39:32
76            android:name="com.google.firebase.messaging.default_notification_channel_id"
76-->[:react-native-firebase_messaging] AndroidManifest.xml:38:13-89
77            android:value="" />
77-->[:react-native-firebase_messaging] AndroidManifest.xml:39:13-29
78        <meta-data
78-->[:react-native-firebase_messaging] AndroidManifest.xml:40:9-42:47
79            android:name="com.google.firebase.messaging.default_notification_color"
79-->[:react-native-firebase_messaging] AndroidManifest.xml:41:13-84
80            android:resource="@color/white" />
80-->[:react-native-firebase_messaging] AndroidManifest.xml:42:13-44
81
82        <provider
82-->[:react-native-share] AndroidManifest.xml:12:9-20:20
83            android:name="cl.json.RNShareFileProvider"
83-->[:react-native-share] AndroidManifest.xml:13:13-55
84            android:authorities="il.co.ilabapp.rnshare.fileprovider"
84-->[:react-native-share] AndroidManifest.xml:14:13-72
85            android:exported="false"
85-->[:react-native-share] AndroidManifest.xml:15:13-37
86            android:grantUriPermissions="true" >
86-->[:react-native-share] AndroidManifest.xml:16:13-47
87            <meta-data
87-->[:react-native-share] AndroidManifest.xml:17:13-19:64
88                android:name="android.support.FILE_PROVIDER_PATHS"
88-->[:react-native-share] AndroidManifest.xml:18:17-67
89                android:resource="@xml/share_download_paths" />
89-->[:react-native-share] AndroidManifest.xml:19:17-61
90        </provider>
91        <provider
91-->[:rn-fetch-blob] AndroidManifest.xml:36:9-44:20
92            android:name="com.RNFetchBlob.Utils.FileProvider"
92-->[:rn-fetch-blob] AndroidManifest.xml:37:13-62
93            android:authorities="il.co.ilabapp.provider"
93-->[:rn-fetch-blob] AndroidManifest.xml:38:13-60
94            android:exported="false"
94-->[:rn-fetch-blob] AndroidManifest.xml:39:13-37
95            android:grantUriPermissions="true" >
95-->[:rn-fetch-blob] AndroidManifest.xml:40:13-47
96            <meta-data
96-->[:react-native-share] AndroidManifest.xml:17:13-19:64
97                android:name="android.support.FILE_PROVIDER_PATHS"
97-->[:react-native-share] AndroidManifest.xml:18:17-67
98                android:resource="@xml/provider_paths" />
98-->[:react-native-share] AndroidManifest.xml:19:17-61
99        </provider>
100        <!--
101             FirebaseMessagingService performs security checks at runtime,
102             but set to not exported to explicitly avoid allowing another app to call it.
103        -->
104        <service
104-->[com.google.firebase:firebase-messaging:20.1.7] AndroidManifest.xml:28:9-34:19
105            android:name="com.google.firebase.messaging.FirebaseMessagingService"
105-->[com.google.firebase:firebase-messaging:20.1.7] AndroidManifest.xml:29:13-82
106            android:exported="false" >
106-->[com.google.firebase:firebase-messaging:20.1.7] AndroidManifest.xml:30:13-37
107            <intent-filter android:priority="-500" >
107-->[:react-native-firebase_messaging] AndroidManifest.xml:20:13-22:29
108                <action android:name="com.google.firebase.MESSAGING_EVENT" />
108-->[:react-native-firebase_messaging] AndroidManifest.xml:21:17-78
108-->[:react-native-firebase_messaging] AndroidManifest.xml:21:25-75
109            </intent-filter>
110        </service>
111        <service
111-->[com.google.firebase:firebase-messaging:20.1.7] AndroidManifest.xml:35:9-41:19
112            android:name="com.google.firebase.components.ComponentDiscoveryService"
112-->[com.google.firebase:firebase-messaging:20.1.7] AndroidManifest.xml:36:13-84
113            android:directBootAware="true"
113-->[com.google.firebase:firebase-common:19.3.0] AndroidManifest.xml:34:13-43
114            android:exported="false" >
114-->[com.google.firebase:firebase-messaging:20.1.7] AndroidManifest.xml:37:13-37
115            <meta-data
115-->[com.google.firebase:firebase-messaging:20.1.7] AndroidManifest.xml:38:13-40:85
116                android:name="com.google.firebase.components:com.google.firebase.messaging.FirebaseMessagingRegistrar"
116-->[com.google.firebase:firebase-messaging:20.1.7] AndroidManifest.xml:39:17-119
117                android:value="com.google.firebase.components.ComponentRegistrar" />
117-->[com.google.firebase:firebase-messaging:20.1.7] AndroidManifest.xml:40:17-82
118            <meta-data
118-->[com.google.firebase:firebase-datatransport:17.0.3] AndroidManifest.xml:28:13-30:85
119                android:name="com.google.firebase.components:com.google.firebase.datatransport.TransportRegistrar"
119-->[com.google.firebase:firebase-datatransport:17.0.3] AndroidManifest.xml:29:17-115
120                android:value="com.google.firebase.components.ComponentRegistrar" />
120-->[com.google.firebase:firebase-datatransport:17.0.3] AndroidManifest.xml:30:17-82
121            <meta-data
121-->[com.google.android.gms:play-services-measurement-api:17.4.1] AndroidManifest.xml:30:13-32:85
122                android:name="com.google.firebase.components:com.google.firebase.analytics.connector.internal.AnalyticsConnectorRegistrar"
122-->[com.google.android.gms:play-services-measurement-api:17.4.1] AndroidManifest.xml:31:17-139
123                android:value="com.google.firebase.components.ComponentRegistrar" />
123-->[com.google.android.gms:play-services-measurement-api:17.4.1] AndroidManifest.xml:32:17-82
124            <meta-data
124-->[com.google.firebase:firebase-iid:20.1.7] AndroidManifest.xml:32:13-34:85
125                android:name="com.google.firebase.components:com.google.firebase.iid.Registrar"
125-->[com.google.firebase:firebase-iid:20.1.7] AndroidManifest.xml:33:17-96
126                android:value="com.google.firebase.components.ComponentRegistrar" />
126-->[com.google.firebase:firebase-iid:20.1.7] AndroidManifest.xml:34:17-82
127            <meta-data
127-->[com.google.firebase:firebase-installations:16.3.0] AndroidManifest.xml:17:13-19:85
128                android:name="com.google.firebase.components:com.google.firebase.installations.FirebaseInstallationsRegistrar"
128-->[com.google.firebase:firebase-installations:16.3.0] AndroidManifest.xml:18:17-127
129                android:value="com.google.firebase.components.ComponentRegistrar" />
129-->[com.google.firebase:firebase-installations:16.3.0] AndroidManifest.xml:19:17-82
130        </service>
131        <service
131-->[com.google.android.datatransport:transport-backend-cct:2.2.0] AndroidManifest.xml:29:9-35:19
132            android:name="com.google.android.datatransport.runtime.backends.TransportBackendDiscovery"
132-->[com.google.android.datatransport:transport-backend-cct:2.2.0] AndroidManifest.xml:30:13-103
133            android:exported="false" >
133-->[com.google.android.datatransport:transport-backend-cct:2.2.0] AndroidManifest.xml:31:13-37
134            <meta-data
134-->[com.google.android.datatransport:transport-backend-cct:2.2.0] AndroidManifest.xml:32:13-34:39
135                android:name="backend:com.google.android.datatransport.cct.CctBackendFactory"
135-->[com.google.android.datatransport:transport-backend-cct:2.2.0] AndroidManifest.xml:33:17-94
136                android:value="cct" />
136-->[com.google.android.datatransport:transport-backend-cct:2.2.0] AndroidManifest.xml:34:17-36
137        </service>
138        <service
138-->[com.google.android.datatransport:transport-runtime:2.2.0] AndroidManifest.xml:26:9-30:19
139            android:name="com.google.android.datatransport.runtime.scheduling.jobscheduling.JobInfoSchedulerService"
139-->[com.google.android.datatransport:transport-runtime:2.2.0] AndroidManifest.xml:27:13-117
140            android:exported="false"
140-->[com.google.android.datatransport:transport-runtime:2.2.0] AndroidManifest.xml:28:13-37
141            android:permission="android.permission.BIND_JOB_SERVICE" >
141-->[com.google.android.datatransport:transport-runtime:2.2.0] AndroidManifest.xml:29:13-69
142        </service>
143
144        <receiver
144-->[com.google.android.datatransport:transport-runtime:2.2.0] AndroidManifest.xml:32:9-34:40
145            android:name="com.google.android.datatransport.runtime.scheduling.jobscheduling.AlarmManagerSchedulerBroadcastReceiver"
145-->[com.google.android.datatransport:transport-runtime:2.2.0] AndroidManifest.xml:33:13-132
146            android:exported="false" />
146-->[com.google.android.datatransport:transport-runtime:2.2.0] AndroidManifest.xml:34:13-37
147        <receiver
147-->[com.google.firebase:firebase-iid:20.1.7] AndroidManifest.xml:37:9-44:20
148            android:name="com.google.firebase.iid.FirebaseInstanceIdReceiver"
148-->[com.google.firebase:firebase-iid:20.1.7] AndroidManifest.xml:38:13-78
149            android:exported="true"
149-->[com.google.firebase:firebase-iid:20.1.7] AndroidManifest.xml:39:13-36
150            android:permission="com.google.android.c2dm.permission.SEND" >
150-->[com.google.firebase:firebase-iid:20.1.7] AndroidManifest.xml:40:13-73
151            <intent-filter>
151-->[:react-native-firebase_messaging] AndroidManifest.xml:29:13-31:29
152                <action android:name="com.google.android.c2dm.intent.RECEIVE" />
152-->[:react-native-firebase_messaging] AndroidManifest.xml:30:17-81
152-->[:react-native-firebase_messaging] AndroidManifest.xml:30:25-78
153            </intent-filter>
154        </receiver>
155
156        <provider
156-->[com.google.firebase:firebase-common:19.3.0] AndroidManifest.xml:26:9-30:39
157            android:name="com.google.firebase.provider.FirebaseInitProvider"
157-->[com.google.firebase:firebase-common:19.3.0] AndroidManifest.xml:27:13-77
158            android:authorities="il.co.ilabapp.firebaseinitprovider"
158-->[com.google.firebase:firebase-common:19.3.0] AndroidManifest.xml:28:13-72
159            android:exported="false"
159-->[com.google.firebase:firebase-common:19.3.0] AndroidManifest.xml:29:13-37
160            android:initOrder="100" />
160-->[com.google.firebase:firebase-common:19.3.0] AndroidManifest.xml:30:13-36
161
162        <receiver
162-->[com.google.android.gms:play-services-measurement:17.4.1] AndroidManifest.xml:29:9-33:20
163            android:name="com.google.android.gms.measurement.AppMeasurementReceiver"
163-->[com.google.android.gms:play-services-measurement:17.4.1] AndroidManifest.xml:30:13-85
164            android:enabled="true"
164-->[com.google.android.gms:play-services-measurement:17.4.1] AndroidManifest.xml:31:13-35
165            android:exported="false" >
165-->[com.google.android.gms:play-services-measurement:17.4.1] AndroidManifest.xml:32:13-37
166        </receiver>
167
168        <service
168-->[com.google.android.gms:play-services-measurement:17.4.1] AndroidManifest.xml:35:9-38:40
169            android:name="com.google.android.gms.measurement.AppMeasurementService"
169-->[com.google.android.gms:play-services-measurement:17.4.1] AndroidManifest.xml:36:13-84
170            android:enabled="true"
170-->[com.google.android.gms:play-services-measurement:17.4.1] AndroidManifest.xml:37:13-35
171            android:exported="false" />
171-->[com.google.android.gms:play-services-measurement:17.4.1] AndroidManifest.xml:38:13-37
172        <service
172-->[com.google.android.gms:play-services-measurement:17.4.1] AndroidManifest.xml:39:9-43:72
173            android:name="com.google.android.gms.measurement.AppMeasurementJobService"
173-->[com.google.android.gms:play-services-measurement:17.4.1] AndroidManifest.xml:40:13-87
174            android:enabled="true"
174-->[com.google.android.gms:play-services-measurement:17.4.1] AndroidManifest.xml:41:13-35
175            android:exported="false"
175-->[com.google.android.gms:play-services-measurement:17.4.1] AndroidManifest.xml:42:13-37
176            android:permission="android.permission.BIND_JOB_SERVICE" />
176-->[com.google.android.gms:play-services-measurement:17.4.1] AndroidManifest.xml:43:13-69
177
178        <activity
178-->[com.google.android.gms:play-services-base:17.0.0] AndroidManifest.xml:23:9-26:75
179            android:name="com.google.android.gms.common.api.GoogleApiActivity"
179-->[com.google.android.gms:play-services-base:17.0.0] AndroidManifest.xml:24:13-79
180            android:exported="false"
180-->[com.google.android.gms:play-services-base:17.0.0] AndroidManifest.xml:25:13-37
181            android:theme="@android:style/Theme.Translucent.NoTitleBar" />
181-->[com.google.android.gms:play-services-base:17.0.0] AndroidManifest.xml:26:13-72
182
183        <meta-data
183-->[com.google.android.gms:play-services-basement:17.0.0] AndroidManifest.xml:23:9-25:69
184            android:name="com.google.android.gms.version"
184-->[com.google.android.gms:play-services-basement:17.0.0] AndroidManifest.xml:24:13-58
185            android:value="@integer/google_play_services_version" />
185-->[com.google.android.gms:play-services-basement:17.0.0] AndroidManifest.xml:25:13-66
186    </application>
187
188</manifest>